\BOOKMARK [0][-]{chapter.1}{\376\377\152\041\147\177\117\177\165\050\213\364\146\016}{}% 1
\BOOKMARK [1][-]{section.1.1}{\376\377\152\041\147\177\173\200\116\313}{chapter.1}% 2
\BOOKMARK [1][-]{section.1.2}{\376\377\177\026\213\321\145\271\154\325}{chapter.1}% 3
\BOOKMARK [1][-]{section.1.3}{\376\377\156\220\145\207\116\366\176\323\147\204}{chapter.1}% 4
\BOOKMARK [0][-]{chapter.2}{\376\377\136\070\211\301\163\257\130\203}{}% 5
\BOOKMARK [1][-]{section.2.1}{\376\377\133\127\123\367}{chapter.2}% 6
\BOOKMARK [1][-]{section.2.2}{\376\377\133\127\117\123}{chapter.2}% 7
\BOOKMARK [2][-]{subsection.2.2.1}{\376\377\116\055\145\207\133\127\117\123}{section.2.2}% 8
\BOOKMARK [2][-]{subsection.2.2.2}{\376\377\211\177\145\207\133\127\117\123}{section.2.2}% 9
\BOOKMARK [1][-]{section.2.3}{\376\377\116\011\176\277\210\150}{chapter.2}% 10
\BOOKMARK [2][-]{subsection.2.3.1}{\376\377\116\015\143\007\133\232\210\114\133\275}{section.2.3}% 11
\BOOKMARK [2][-]{subsection.2.3.2}{\376\377\143\007\133\232\210\114\133\275}{section.2.3}% 12
\BOOKMARK [2][-]{subsection.2.3.3}{\376\377\214\003\145\164\210\150\116\055\133\127\117\123\131\047\134\017}{section.2.3}% 13
\BOOKMARK [2][-]{subsection.2.3.4}{\376\377\214\003\145\164\210\114\232\330}{section.2.3}% 14
\BOOKMARK [1][-]{section.2.4}{\376\377\143\322\126\376}{chapter.2}% 15
\BOOKMARK [2][-]{subsection.2.4.1}{\376\377\123\125\137\040\126\376\162\107}{section.2.4}% 16
\BOOKMARK [2][-]{subsection.2.4.2}{\376\377\136\166\143\222\126\376\162\107}{section.2.4}% 17
\BOOKMARK [2][-]{subsection.2.4.3}{\376\377\136\166\143\222\133\120\126\376}{section.2.4}% 18
\BOOKMARK [1][-]{section.2.5}{\376\377\123\302\200\003\145\207\163\056}{chapter.2}% 19
\BOOKMARK [1][-]{section.2.6}{\376\377\137\025\165\050}{chapter.2}% 20
\BOOKMARK [0][-]{chapter.3}{\376\377\133\236\116\140\142\245\124\112\166\204\176\323\147\204}{}% 21
\BOOKMARK [0][-]{chapter.4}{\376\377\153\143\145\207\211\201\154\102}{}% 22
\BOOKMARK [0][-]{chapter.5}{\376\377\211\304\203\003\210\150\217\276\154\350\141\017\116\213\230\171}{}% 23
\BOOKMARK [0][-]{chapter.6}{\376\377\176\323\213\272}{}% 24
\BOOKMARK [0][-]{chapter*.13}{\376\377\123\302\200\003\145\207\163\056}{}% 25
\BOOKMARK [0][-]{chapter*.14}{\376\377\000R\000\311\000S\000U\000M\000\311}{}% 26
\BOOKMARK [0][-]{chapter*.15}{\376\377\201\364\214\042}{}% 27
\BOOKMARK [0][-]{chapter*.16}{\376\377\226\104\137\125\000A\377\032\204\335\230\206\133\236\116\140\124\150\137\327}{}% 28
\BOOKMARK [0][-]{chapter*.17}{\376\377\226\104\137\125\000B\377\032\000X\000X\000X\000X\000X}{}% 29
